<?xml version="1.0" encoding="UTF-8"?>
<!-- Generated by org.testng.reporters.JUnitXMLReporter -->
<testsuite hostname="LAPTOP-P4P2FF7C" ignored="2" name="Test" tests="2" failures="0" timestamp="2022-01-29T20:11:27 IST" time="0.044" errors="0">
  <testcase name="modifyContactTest" time="0.007" classname="com.crm.contactTest.ContactTest"/>
  <testcase name="modifyOrgTest" time="0.001" classname="com.crm.orgTest.OrganizationTest"/>
  <testcase name="createOrgTest" time="0.0" classname="com.crm.orgTest.OrganizationTest">
    <ignored/>
  </testcase> <!-- createOrgTest -->
  <testcase name="createContactTest" time="0.0" classname="com.crm.contactTest.ContactTest">
    <ignored/>
  </testcase> <!-- createContactTest -->
</testsuite> <!-- Test -->
