<?xml version="1.0" encoding="UTF-8"?>
<testng-results skipped="0" failed="0" ignored="0" total="2" passed="2">
  <reporter-output>
  </reporter-output>
  <suite name="Default suite" duration-ms="41" started-at="2022-01-29T20:11:58 IST" finished-at="2022-01-29T20:11:58 IST">
    <groups>
      <group name="regressionTest">
        <method signature="OrganizationTest.modifyOrgTest()[pri:0, instance:com.crm.orgTest.OrganizationTest@3712b94]" name="modifyOrgTest" class="com.crm.orgTest.OrganizationTest"/>
      </group> <!-- regressionTest -->
      <group name="smokeTest">
        <method signature="OrganizationTest.createOrgTest()[pri:0, instance:com.crm.orgTest.OrganizationTest@3712b94]" name="createOrgTest" class="com.crm.orgTest.OrganizationTest"/>
      </group> <!-- smokeTest -->
    </groups>
    <test name="Default test" duration-ms="41" started-at="2022-01-29T20:11:58 IST" finished-at="2022-01-29T20:11:58 IST">
      <class name="com.crm.orgTest.OrganizationTest">
        <test-method status="PASS" signature="createOrgTest()[pri:0, instance:com.crm.orgTest.OrganizationTest@3712b94]" name="createOrgTest" duration-ms="6" started-at="2022-01-29T20:11:58 IST" finished-at="2022-01-29T20:11:58 IST">
          <reporter-output>
          </reporter-output>
        </test-method> <!-- createOrgTest -->
        <test-method status="PASS" signature="modifyOrgTest()[pri:0, instance:com.crm.orgTest.OrganizationTest@3712b94]" name="modifyOrgTest" duration-ms="0" started-at="2022-01-29T20:11:58 IST" finished-at="2022-01-29T20:11:58 IST">
          <reporter-output>
          </reporter-output>
        </test-method> <!-- modifyOrgTest -->
      </class> <!-- com.crm.orgTest.OrganizationTest -->
    </test> <!-- Default test -->
  </suite> <!-- Default suite -->
</testng-results>
